SF:lib\modules\splash\views\splashscreen.dart
DA:8,3
DA:9,1
DA:11,3
DA:12,1
DA:13,1
DA:15,1
DA:16,1
DA:18,1
LF:8
LH:8
end_of_record
SF:lib\common\constant\directory_assest.dart
DA:3,3
DA:4,0
DA:5,0
DA:6,0
LF:4
LH:1
end_of_record
SF:lib\common\utils\utility.dart
DA:3,0
DA:5,0
DA:7,0
DA:8,0
DA:9,0
LF:5
LH:0
end_of_record
SF:lib\modules\auth\controllers\auth_controller.dart
DA:41,0
DA:43,0
DA:44,0
DA:45,0
DA:46,0
DA:48,0
DA:52,0
DA:53,0
DA:54,0
DA:55,0
DA:56,0
DA:59,0
DA:60,0
DA:61,0
DA:63,0
DA:64,0
DA:68,0
DA:69,0
DA:72,0
DA:77,0
DA:79,0
DA:80,0
DA:82,0
DA:83,0
DA:87,0
DA:92,0
DA:97,0
DA:99,0
DA:100,0
DA:101,0
DA:102,0
DA:103,0
DA:104,0
DA:105,0
DA:106,0
DA:107,0
DA:108,0
DA:110,0
DA:111,0
DA:115,0
DA:116,0
DA:121,0
DA:126,0
DA:128,0
DA:130,0
DA:131,0
DA:133,0
DA:134,0
DA:137,0
DA:139,0
DA:140,0
DA:141,0
DA:145,0
DA:146,0
DA:149,0
DA:152,0
DA:153,0
DA:154,0
DA:155,0
DA:156,0
DA:157,0
DA:158,0
DA:160,0
DA:161,0
DA:164,0
DA:165,0
DA:168,0
DA:173,0
DA:175,0
DA:176,0
DA:177,0
DA:178,0
DA:179,0
DA:181,0
DA:182,0
DA:186,0
DA:187,0
DA:188,0
DA:191,0
DA:192,0
DA:194,0
DA:199,0
DA:202,0
DA:204,0
DA:208,0
DA:209,0
DA:210,0
DA:211,0
DA:214,0
DA:215,0
DA:217,0
DA:218,0
DA:219,0
DA:220,0
DA:221,0
DA:230,0
DA:232,0
DA:233,0
DA:234,0
DA:235,0
DA:236,0
DA:237,0
DA:240,0
LF:103
LH:0
end_of_record
SF:lib\routes\routes.dart
DA:6,0
DA:7,0
DA:9,0
DA:11,0
DA:13,0
DA:15,0
DA:17,0
DA:19,0
DA:21,0
DA:23,0
DA:25,0
DA:27,0
DA:29,0
DA:31,0
DA:33,0
LF:15
LH:0
end_of_record
SF:lib\modules\auth\views\checkemailverifyscreen.dart
DA:10,2
DA:12,0
DA:14,0
DA:15,0
DA:16,0
DA:17,0
DA:19,0
DA:21,0
DA:22,0
DA:24,0
DA:33,0
DA:35,0
DA:36,0
DA:38,0
DA:45,0
DA:46,0
DA:47,0
DA:48,0
DA:49,0
DA:51,0
DA:53,0
DA:55,0
DA:61,0
DA:62,0
DA:63,0
DA:64,0
DA:70,0
DA:71,0
DA:72,0
DA:73,0
DA:75,0
DA:77,0
DA:78,0
DA:80,0
LF:34
LH:1
end_of_record
SF:lib\widget\button.dart
DA:8,0
DA:14,0
DA:16,0
DA:17,0
DA:18,0
DA:20,0
DA:21,0
DA:24,0
DA:25,0
DA:26,0
DA:27,0
LF:11
LH:0
end_of_record
SF:lib\modules\auth\views\forgotpasswordscreen.dart
DA:8,2
DA:10,0
DA:12,0
DA:13,0
DA:14,0
DA:16,0
DA:17,0
DA:18,0
LF:8
LH:1
end_of_record
SF:lib\modules\auth\widgets\forgotpassword\forgot_form.dart
DA:9,2
DA:11,0
DA:13,0
DA:14,0
DA:17,0
DA:18,0
DA:19,0
DA:22,0
DA:23,0
DA:24,0
DA:25,0
DA:30,0
DA:31,0
DA:32,0
DA:33,0
LF:15
LH:1
end_of_record
SF:lib\modules\auth\widgets\forgotpassword\forgot_header.dart
DA:5,2
DA:7,0
DA:9,0
DA:11,0
DA:13,0
DA:14,0
DA:16,0
DA:25,0
DA:27,0
DA:28,0
DA:30,0
LF:11
LH:1
end_of_record
SF:lib\modules\auth\views\loginscreen.dart
DA:9,2
DA:11,0
DA:13,0
DA:15,0
DA:16,0
DA:18,0
DA:19,0
DA:20,0
LF:8
LH:1
end_of_record
SF:lib\modules\auth\widgets\login\login_bottom.dart
DA:7,2
DA:9,0
DA:11,0
DA:12,0
DA:15,0
DA:16,0
DA:18,0
DA:19,0
DA:20,0
DA:22,0
DA:24,0
DA:25,0
DA:26,0
LF:13
LH:1
end_of_record
SF:lib\modules\auth\widgets\login\login_form.dart
DA:12,2
DA:14,0
DA:16,0
DA:17,0
DA:20,0
DA:21,0
DA:22,0
DA:25,0
DA:26,0
DA:27,0
DA:28,0
DA:33,0
DA:34,0
DA:35,0
DA:37,0
DA:39,0
DA:40,0
DA:41,0
DA:43,0
DA:44,0
DA:50,0
DA:51,0
DA:52,0
DA:53,0
DA:59,0
DA:61,0
DA:63,0
DA:64,0
DA:65,0
DA:66,0
DA:68,0
DA:70,0
DA:71,0
DA:72,0
DA:81,0
DA:82,0
DA:83,0
DA:84,0
DA:97,0
DA:98,0
DA:100,0
DA:101,0
LF:42
LH:1
end_of_record
SF:lib\modules\auth\widgets\login\login_header.dart
DA:5,2
DA:7,0
DA:9,0
DA:11,0
DA:13,0
DA:14,0
DA:16,0
DA:25,0
DA:27,0
DA:28,0
DA:30,0
LF:11
LH:1
end_of_record
SF:lib\modules\auth\views\registerscreen.dart
DA:9,2
DA:11,0
DA:13,0
DA:15,0
DA:16,0
DA:18,0
DA:19,0
DA:20,0
LF:8
LH:1
end_of_record
SF:lib\modules\auth\widgets\register\register_bottom.dart
DA:6,2
DA:8,0
DA:10,0
DA:11,0
DA:14,0
DA:15,0
DA:17,0
DA:18,0
DA:19,0
DA:21,0
DA:23,0
DA:24,0
DA:25,0
LF:13
LH:1
end_of_record
SF:lib\modules\auth\widgets\register\register_form.dart
DA:10,2
DA:12,0
DA:14,0
DA:15,0
DA:18,0
DA:19,0
DA:20,0
DA:23,0
DA:24,0
DA:25,0
DA:26,0
DA:31,0
DA:32,0
DA:33,0
DA:35,0
DA:37,0
DA:38,0
DA:39,0
DA:41,0
DA:42,0
DA:48,0
DA:49,0
DA:50,0
DA:51,0
DA:57,0
DA:58,0
DA:59,0
DA:61,0
DA:63,0
DA:64,0
DA:65,0
DA:67,0
DA:68,0
DA:74,0
DA:75,0
DA:76,0
DA:78,0
DA:85,0
DA:86,0
DA:87,0
DA:88,0
DA:101,0
DA:102,0
DA:104,0
DA:105,0
LF:45
LH:1
end_of_record
SF:lib\modules\auth\widgets\register\register_header.dart
DA:5,2
DA:7,0
DA:9,0
DA:13,0
DA:15,0
DA:16,0
DA:18,0
DA:27,0
DA:29,0
DA:30,0
DA:32,0
LF:11
LH:1
end_of_record
SF:lib\widget\textfield.dart
DA:10,0
DA:18,0
DA:20,0
DA:23,0
DA:24,0
DA:25,0
DA:26,0
DA:28,0
DA:29,0
DA:30,0
DA:36,0
DA:37,0
DA:40,0
DA:55,0
DA:65,0
DA:67,0
DA:70,0
DA:71,0
DA:72,0
DA:73,0
DA:74,0
DA:76,0
DA:77,0
DA:78,0
DA:84,0
DA:85,0
DA:88,0
DA:89,0
LF:28
LH:0
end_of_record
SF:lib\modules\home\controllers\home_controller.dart
DA:12,0
DA:14,0
DA:15,0
DA:18,0
DA:20,0
DA:21,0
DA:23,0
DA:25,0
DA:27,0
DA:28,0
DA:30,0
LF:11
LH:0
end_of_record
SF:lib\modules\home\models\home_model.dart
DA:6,0
DA:11,0
DA:12,0
DA:13,0
DA:14,0
DA:15,0
DA:16,0
DA:17,0
DA:18,0
DA:19,0
DA:23,0
DA:24,0
DA:25,0
DA:26,0
DA:27,0
DA:28,0
DA:29,0
DA:30,0
DA:46,0
DA:57,0
DA:58,0
DA:59,0
DA:60,0
DA:61,0
DA:62,0
DA:63,0
DA:64,0
DA:66,0
DA:67,0
DA:69,0
DA:70,0
DA:71,0
DA:72,0
DA:73,0
DA:74,0
DA:75,0
DA:76,0
DA:77,0
DA:85,0
DA:90,0
DA:91,0
DA:92,0
DA:94,0
DA:95,0
DA:96,0
LF:45
LH:0
end_of_record
SF:lib\modules\home\services\home_repository.dart
DA:16,0
DA:18,0
DA:19,0
DA:20,0
DA:21,0
DA:23,0
DA:24,0
DA:27,0
DA:28,0
DA:30,0
DA:31,0
LF:11
LH:0
end_of_record
SF:lib\modules\home\views\home.dart
DA:10,2
DA:12,0
DA:14,0
DA:15,0
DA:17,0
DA:18,0
DA:19,0
DA:24,0
DA:25,0
DA:26,0
DA:27,0
DA:35,0
DA:36,0
DA:39,0
DA:40,0
DA:41,0
DA:46,0
DA:47,0
DA:48,0
DA:50,0
DA:51,0
DA:53,0
DA:59,0
DA:60,0
DA:61,0
DA:63,0
DA:68,0
DA:69,0
DA:70,0
DA:73,0
DA:75,0
DA:76,0
DA:77,0
DA:79,0
DA:83,0
DA:85,0
DA:86,0
DA:87,0
DA:88,0
LF:39
LH:1
end_of_record
SF:lib\widget\card.dart
DA:11,0
DA:20,0
DA:22,0
DA:24,0
DA:25,0
DA:26,0
DA:27,0
DA:28,0
DA:32,0
DA:33,0
DA:37,0
DA:49,0
DA:51,0
DA:52,0
DA:53,0
DA:54,0
DA:55,0
DA:63,0
DA:64,0
DA:65,0
LF:20
LH:0
end_of_record
SF:lib\modules\splash\controller\splashscreen_controller.dart
DA:6,2
DA:8,2
DA:9,2
DA:13,2
DA:14,2
DA:15,1
DA:16,1
DA:17,2
DA:19,1
DA:21,1
DA:22,2
DA:29,1
DA:30,1
DA:31,1
DA:32,2
LF:15
LH:15
end_of_record
SF:lib\modules\splash\views\onboardscreen.dart
DA:11,2
DA:12,0
DA:13,0
DA:17,0
DA:19,0
DA:20,0
DA:21,0
DA:26,0
DA:27,0
DA:30,0
DA:32,0
DA:45,0
DA:49,0
DA:51,0
DA:65,0
DA:66,0
DA:67,0
DA:69,0
LF:18
LH:1
end_of_record
